This file contains any messages produced by compilers while
running ./compile.sh, to aid debugging if ./compile.sh makes a mistake.

./compile.sh: checking whether we are using GNU C
./compile.sh: cc -E conftest.c
./compile.sh: Checking for X11 RandR support
./compile.sh: cc -c -I/usr/X11/include  conftest.c 1>&5
./compile.sh: Checking for pthread support
./compile.sh: cc -o conftest -I/usr/X11/include  -pthread conftest.c  -lGL -L/usr/X11/lib -pthread 1>&5
./compile.sh: Checking for sched_yield
./compile.sh: cc -c -I/usr/X11/include  -pthread conftest.c 1>&5
./compile.sh: Checking for clock_gettime
./compile.sh: cc -o conftest -I/usr/X11/include  -pthread conftest.c  1>&5
conftest.c:7:2: error: #error "clock_gettime support not detected"
#error "clock_gettime support not detected"
 ^
1 error generated.
./compile.sh: failed program was:
#include <time.h>
#include <unistd.h>
int main() {
#if defined( CLOCK_MONOTONIC )
clock_gettime(0, 0);
#else
#error "clock_gettime support not detected"
#endif
return 0;}
./compile.sh: cc -o conftest -I/usr/X11/include  -pthread conftest.c -lrt 1>&5
conftest.c:7:2: error: #error "clock_gettime support not detected"
#error "clock_gettime support not detected"
 ^
1 error generated.
./compile.sh: failed program was:
#include <time.h>
#include <unistd.h>
int main() {
#if defined( CLOCK_MONOTONIC )
clock_gettime(0, 0);
#else
#error "clock_gettime support not detected"
#endif
return 0;}
./compile.sh: Checking for glXGetProcAddress variants
./compile.sh: cc -o conftest -I/usr/X11/include  -pthread conftest.c  -lGL -L/usr/X11/lib -pthread 1>&5
conftest.c:4:48: warning: passing 'char [6]' to parameter of type 'const GLubyte *' (aka 'const unsigned char *') converts between pointers to integer types with different sign [-Wpointer-sign]
int main() {void *ptr=(void*)glXGetProcAddress("glFun"); return 0;}
                                               ^~~~~~~
/usr/X11/include/GL/glx.h:338:48: note: passing argument to parameter 'procname' here
extern void (*glXGetProcAddress(const GLubyte *procname))( void );
                                               ^
1 warning generated.
./compile.sh: Checking for sysconf
./compile.sh: cc -o conftest -I/usr/X11/include  -pthread conftest.c  -lGL -L/usr/X11/lib -pthread 1>&5
./compile.sh: Checking for sysctl support
./compile.sh: cc -E conftest.c
./compile.sh: Creating ./lib/x11/Makefile.x11
./compile.sh: Creating ./examples/Makefile.x11
./compile.sh: Creating ./tests/Makefile.x11
./compile.sh: Creating ./lib/x11/libglfw.pc.in
